2018-04-04T06:47:39.365Z - info: User function triggered, starting execution
2018-04-04T06:47:39.383Z - info: Execution took 17 ms, user function completed successfully
2018-04-04T06:51:14.387Z - info: User function triggered, starting execution
2018-04-04T06:51:14.393Z - info: Execution took 8 ms, user function completed successfully
2018-04-04T06:51:15.350Z - info: User function triggered, starting execution
2018-04-04T06:51:15.352Z - info: Execution took 1 ms, user function completed successfully
2018-04-04T06:52:08.801Z - info: User function triggered, starting execution
2018-04-04T06:52:08.808Z - info: Execution took 7 ms, user function completed successfully
2018-04-04T06:54:47.949Z - info: User function triggered, starting execution
2018-04-04T06:54:47.957Z - info: Execution took 8 ms, user function completed successfully
2018-04-04T06:54:54.165Z - info: User function triggered, starting execution
Execution took 1 ms, user function completed successfully
2018-04-04T06:56:52.602Z - info: User function triggered, starting execution
Execution took 0 ms, user function completed successfully
2018-04-04T06:56:53.522Z - info: User function triggered, starting execution
Execution took 0 ms, user function completed successfully
2018-04-04T06:58:05.461Z - info: User function triggered, starting execution
Execution took 0 ms, user function completed successfully
2018-04-04T06:59:05.277Z - info: User function triggered, starting execution
2018-04-04T06:59:05.278Z - info: Execution took 0 ms, user function completed successfully
2018-04-04T06:59:05.977Z - info: User function triggered, starting execution
Execution took 1 ms, user function completed successfully
2018-04-04T06:59:06.641Z - info: User function triggered, starting execution
Execution took 0 ms, user function completed successfully
2018-04-04T06:59:07.168Z - info: User function triggered, starting execution
2018-04-04T06:59:07.168Z - info: Execution took 0 ms, user function completed successfully
2018-04-04T06:59:36.558Z - info: User function triggered, starting execution
2018-04-04T06:59:36.559Z - info: Execution took 0 ms, user function completed successfully
2018-04-04T06:59:37.582Z - info: User function triggered, starting execution
2018-04-04T06:59:37.583Z - info: Execution took 0 ms, user function completed successfully
2018-04-04T06:59:55.165Z - info: User function triggered, starting execution
2018-04-04T06:59:55.166Z - info: Execution took 1 ms, user function completed successfully
2018-04-04T06:59:56.028Z - info: User function triggered, starting execution
2018-04-04T06:59:56.028Z - info: Execution took 1 ms, user function completed successfully
2018-04-04T07:00:19.013Z - info: User function triggered, starting execution
2018-04-04T07:00:19.015Z - info: Execution took 1 ms, user function completed successfully
2018-04-04T07:00:24.542Z - info: User function triggered, starting execution
2018-04-04T07:00:24.542Z - info: Execution took 1 ms, user function completed successfully
2018-04-04T07:00:37.204Z - info: User function triggered, starting execution
2018-04-04T07:00:37.205Z - info: Execution took 0 ms, user function completed successfully
2018-04-04T07:00:53.491Z - info: User function triggered, starting execution
2018-04-04T07:00:53.493Z - info: Execution took 1 ms, user function completed successfully
2018-04-04T07:00:54.375Z - info: User function triggered, starting execution
2018-04-04T07:00:54.376Z - info: Execution took 0 ms, user function completed successfully
2018-04-04T07:02:06.614Z - info: User function triggered, starting execution
2018-04-04T07:02:06.621Z - info: Execution took 9 ms, user function completed successfully
2018-04-04T07:02:07.259Z - info: User function triggered, starting execution
2018-04-04T07:02:07.260Z - info: Execution took 1 ms, user function completed successfully
2018-04-04T07:03:53.722Z - info: User function triggered, starting execution
2018-04-04T07:03:53.729Z - info: Execution took 9 ms, user function completed successfully
2018-04-04T07:03:56.960Z - info: User function triggered, starting execution
2018-04-04T07:03:56.961Z - info: Execution took 1 ms, user function completed successfully
2018-04-04T07:04:31.804Z - info: User function triggered, starting execution
2018-04-04T07:04:31.806Z - info: Execution took 0 ms, user function completed successfully
2018-04-04T07:04:32.696Z - info: User function triggered, starting execution
2018-04-04T07:04:32.696Z - info: Execution took 1 ms, user function completed successfully
2018-04-04T07:04:58.823Z - info: User function triggered, starting execution
2018-04-04T07:04:58.824Z - info: Execution took 0 ms, user function completed successfully
2018-04-04T07:16:21.095Z - info: User function triggered, starting execution
2018-04-04T07:16:21.102Z - info: Execution took 8 ms, user function completed successfully
2018-04-04T07:16:44.701Z - info: User function triggered, starting execution
2018-04-04T07:16:44.704Z - info: Execution took 1 ms, user function completed successfully
2018-04-04T07:17:20.766Z - info: User function triggered, starting execution
2018-04-04T07:17:20.766Z - info: Execution took 1 ms, user function completed successfully
2018-04-04T07:17:21.606Z - info: User function triggered, starting execution
2018-04-04T07:17:21.606Z - info: Execution took 0 ms, user function completed successfully
2018-04-04T07:18:04.081Z - info: User function triggered, starting execution
2018-04-04T07:18:04.082Z - info: Execution took 1 ms, user function completed successfully
2018-04-04T07:18:22.317Z - info: User function triggered, starting execution
2018-04-04T07:18:22.318Z - info: Execution took 0 ms, user function completed successfully
2018-04-04T07:18:23.525Z - info: User function triggered, starting execution
2018-04-04T07:18:23.527Z - info: Execution took 0 ms, user function completed successfully
2018-04-04T07:18:24.262Z - info: User function triggered, starting execution
2018-04-04T07:18:24.263Z - info: Execution took 0 ms, user function completed successfully
2018-04-04T07:26:21.841Z - info: User function triggered, starting execution
2018-04-04T07:26:21.845Z - info: Execution took 1 ms, user function completed successfully
2018-04-04T07:26:22.510Z - info: User function triggered, starting execution
2018-04-04T07:26:22.513Z - info: Execution took 1 ms, user function completed successfully
2018-04-04T07:26:22.976Z - info: User function triggered, starting execution
2018-04-04T07:26:22.977Z - info: Execution took 1 ms, user function completed successfully
2018-04-04T07:32:36.499Z - info: User function triggered, starting execution
2018-04-04T07:32:36.501Z - info: Execution took 0 ms, user function completed successfully
2018-04-04T07:32:37.148Z - info: User function triggered, starting execution
2018-04-04T07:32:37.149Z - info: Execution took 0 ms, user function completed successfully
2018-04-04T07:32:37.646Z - info: User function triggered, starting execution
2018-04-04T07:32:37.647Z - info: Execution took 1 ms, user function completed successfully
2018-04-04T07:32:37.895Z - info: User function triggered, starting execution
2018-04-04T07:32:37.896Z - info: Execution took 0 ms, user function completed successfully
2018-04-04T07:32:38.076Z - info: User function triggered, starting execution
2018-04-04T07:32:38.077Z - info: Execution took 1 ms, user function completed successfully
2018-04-04T07:32:38.248Z - info: User function triggered, starting execution
2018-04-04T07:32:38.250Z - info: Execution took 1 ms, user function completed successfully
2018-04-04T07:32:38.416Z - info: User function triggered, starting execution
2018-04-04T07:32:38.417Z - info: Execution took 1 ms, user function completed successfully
2018-04-04T07:32:51.814Z - info: User function triggered, starting execution
2018-04-04T07:32:51.816Z - info: Execution took 1 ms, user function completed successfully
2018-04-04T07:54:21.862Z - info: User function triggered, starting execution
2018-04-04T07:54:21.869Z - info: Execution took 8 ms, user function completed successfully
2018-04-04T08:07:42.392Z - info: User function triggered, starting execution
2018-04-04T08:07:42.399Z - info: Execution took 8 ms, user function completed successfully
2018-04-09T18:44:12.513Z - info: User function triggered, starting execution
2018-04-09T18:44:12.518Z - info: Execution took 8 ms, user function completed successfully
2018-04-09T18:44:12.709Z - info: User function triggered, starting execution
2018-04-09T18:44:12.710Z - info: Execution took 1 ms, user function completed successfully
2018-04-09T18:44:15.513Z - info: User function triggered, starting execution
2018-04-09T18:44:15.515Z - info: Execution took 1 ms, user function completed successfully
2018-05-27T05:20:33.850Z - error: /Users/robinsundberg/Desktop/nonamehostel/functions/index.js:18
_firebaseFunctions2.default.initializeApp();
                           ^

TypeError: Cannot read property 'initializeApp' of undefined
    at Object.<anonymous> (/Users/robinsundberg/Desktop/nonamehostel/functions/index.js:18:28)
    at Module._compile (module.js:569:30)
    at Object.Module._extensions..js (module.js:580:10)
    at Module.load (module.js:503:32)
    at tryModuleLoad (module.js:466:12)
    at Function.Module._load (module.js:458:3)
    at Module.require (module.js:513:17)
    at require (internal/module.js:11:18)
    at process.on (/usr/local/lib/node_modules/firebase-tools/node_modules/@google-cloud/functions-emulator/src/supervisor/worker.js:76:28)
    at emitTwo (events.js:125:13)
2018-05-27T05:20:33.868Z - error: Function worker crashed with exit code: 1
2018-05-27T05:20:58.369Z - error: /Users/robinsundberg/Desktop/nonamehostel/functions/index.js:18
_firebaseFunctions2.default.initializeApp();
                           ^

TypeError: Cannot read property 'initializeApp' of undefined
    at Object.<anonymous> (/Users/robinsundberg/Desktop/nonamehostel/functions/index.js:18:28)
    at Module._compile (module.js:569:30)
    at Object.Module._extensions..js (module.js:580:10)
    at Module.load (module.js:503:32)
    at tryModuleLoad (module.js:466:12)
    at Function.Module._load (module.js:458:3)
    at Module.require (module.js:513:17)
    at require (internal/module.js:11:18)
    at process.on (/usr/local/lib/node_modules/firebase-tools/node_modules/@google-cloud/functions-emulator/src/supervisor/worker.js:76:28)
    at emitTwo (events.js:125:13)
2018-05-27T05:20:58.381Z - error: Function worker crashed with exit code: 1
2018-05-27T05:21:10.515Z - error: /Users/robinsundberg/Desktop/nonamehostel/functions/index.js:18
_firebaseFunctions2.default.initializeApp();
                           ^

TypeError: Cannot read property 'initializeApp' of undefined
    at Object.<anonymous> (/Users/robinsundberg/Desktop/nonamehostel/functions/index.js:18:28)
    at Module._compile (module.js:569:30)
    at Object.Module._extensions..js (module.js:580:10)
    at Module.load (module.js:503:32)
    at tryModuleLoad (module.js:466:12)
    at Function.Module._load (module.js:458:3)
    at Module.require (module.js:513:17)
    at require (internal/module.js:11:18)
    at process.on (/usr/local/lib/node_modules/firebase-tools/node_modules/@google-cloud/functions-emulator/src/supervisor/worker.js:76:28)
    at emitTwo (events.js:125:13)
2018-05-27T05:21:10.526Z - error: Function worker crashed with exit code: 1
2018-05-27T07:32:19.836Z - error: /Users/robinsundberg/Desktop/nonamehostel/functions/index.js:62
var home = exports.home = _firebaseFunctions2.default.https.onRequest(app);
                                                     ^

TypeError: Cannot read property 'https' of undefined
    at Object.<anonymous> (/Users/robinsundberg/Desktop/nonamehostel/functions/index.js:62:54)
    at Module._compile (module.js:569:30)
    at Object.Module._extensions..js (module.js:580:10)
    at Module.load (module.js:503:32)
    at tryModuleLoad (module.js:466:12)
    at Function.Module._load (module.js:458:3)
    at Module.require (module.js:513:17)
    at require (internal/module.js:11:18)
    at process.on (/usr/local/lib/node_modules/firebase-tools/node_modules/@google-cloud/functions-emulator/src/supervisor/worker.js:76:28)
    at emitTwo (events.js:125:13)
2018-05-27T07:32:19.852Z - error: Function worker crashed with exit code: 1
2018-05-27T07:51:04.497Z - error: /Users/robinsundberg/Desktop/nonamehostel/functions/index.js:22
var home = exports.home = _firebaseFunctions2.default.https.onRequest(function (req, res) {
                                                     ^

TypeError: Cannot read property 'https' of undefined
    at Object.<anonymous> (/Users/robinsundberg/Desktop/nonamehostel/functions/index.js:22:54)
    at Module._compile (module.js:569:30)
    at Object.Module._extensions..js (module.js:580:10)
    at Module.load (module.js:503:32)
    at tryModuleLoad (module.js:466:12)
    at Function.Module._load (module.js:458:3)
    at Module.require (module.js:513:17)
    at require (internal/module.js:11:18)
    at process.on (/usr/local/lib/node_modules/firebase-tools/node_modules/@google-cloud/functions-emulator/src/supervisor/worker.js:76:28)
    at emitTwo (events.js:125:13)
2018-05-27T07:51:04.510Z - error: Function worker crashed with exit code: 1
2018-05-27T07:51:06.376Z - error: /Users/robinsundberg/Desktop/nonamehostel/functions/index.js:22
var home = exports.home = _firebaseFunctions2.default.https.onRequest(function (req, res) {
                                                     ^

TypeError: Cannot read property 'https' of undefined
    at Object.<anonymous> (/Users/robinsundberg/Desktop/nonamehostel/functions/index.js:22:54)
    at Module._compile (module.js:569:30)
    at Object.Module._extensions..js (module.js:580:10)
    at Module.load (module.js:503:32)
    at tryModuleLoad (module.js:466:12)
    at Function.Module._load (module.js:458:3)
    at Module.require (module.js:513:17)
    at require (internal/module.js:11:18)
    at process.on (/usr/local/lib/node_modules/firebase-tools/node_modules/@google-cloud/functions-emulator/src/supervisor/worker.js:76:28)
    at emitTwo (events.js:125:13)
2018-05-27T07:51:06.390Z - error: Function worker crashed with exit code: 1
2018-05-28T10:32:34.204Z - info: User function triggered, starting execution
2018-05-28T10:32:34.237Z - info: Execution took 28 ms, user function completed successfully
