[debug] [2018-04-04T14:21:38.120Z] ----------------------------------------------------------------------
[debug] [2018-04-04T14:21:38.123Z] Command:       /usr/local/Cellar/node/8.1.3/bin/node /usr/local/bin/firebase serve
[debug] [2018-04-04T14:21:38.123Z] CLI Version:   3.18.0
[debug] [2018-04-04T14:21:38.123Z] Platform:      darwin
[debug] [2018-04-04T14:21:38.123Z] Node Version:  v8.1.3
[debug] [2018-04-04T14:21:38.124Z] Time:          Wed Apr 04 2018 19:51:38 GMT+0530 (IST)
[debug] [2018-04-04T14:21:38.124Z] ----------------------------------------------------------------------
[debug] 
[debug] [2018-04-04T14:21:38.143Z] > command requires scopes: ["email","openid","https://www.googleapis.com/auth/cloudplatformprojects.readonly","https://www.googleapis.com/auth/firebase","https://www.googleapis.com/auth/cloud-platform"]
[debug] [2018-04-04T14:21:38.144Z] > authorizing via signed-in user
[debug] [2018-04-04T14:21:38.146Z] > refreshing access token with scopes: ["email","https://www.googleapis.com/auth/cloud-platform","https://www.googleapis.com/auth/cloudplatformprojects.readonly","https://www.googleapis.com/auth/firebase","openid"]
[debug] [2018-04-04T14:21:38.147Z] >>> HTTP REQUEST POST https://www.googleapis.com/oauth2/v3/token  
 { refresh_token: '1/N74zkPsDqoeQOnF4DvkiAxm3NATbXy-a_DKsFfFsfTc',
  client_id: '563584335869-fgrhgmd47bqnekij5i8b5pr03ho849e6.apps.googleusercontent.com',
  client_secret: 'j9iVZfS8kkCEFUPaAeJV0sAi',
  grant_type: 'refresh_token',
  scope: 'email https://www.googleapis.com/auth/cloud-platform https://www.googleapis.com/auth/cloudplatformprojects.readonly https://www.googleapis.com/auth/firebase openid' } 
 Wed Apr 04 2018 19:51:38 GMT+0530 (IST)
[debug] [2018-04-04T14:21:39.091Z] <<< HTTP RESPONSE 200
[debug] [2018-04-04T14:21:39.115Z] >>> HTTP REQUEST GET https://admin.firebase.com/v1/projects/nonamehostel-a5e96  
  
 Wed Apr 04 2018 19:51:39 GMT+0530 (IST)
[debug] [2018-04-04T14:21:41.338Z] <<< HTTP RESPONSE 200
[debug] [2018-04-04T14:21:41.339Z] >>> HTTP REQUEST GET https://admin.firebase.com/v1/database/nonamehostel-a5e96/tokens  
  
 Wed Apr 04 2018 19:51:41 GMT+0530 (IST)
[debug] [2018-04-04T14:21:42.502Z] <<< HTTP RESPONSE 200
[debug] [2018-04-04T14:21:42.503Z] >>> HTTP REQUEST GET https://cloudresourcemanager.googleapis.com/v1/projects/nonamehostel-a5e96  
  
 Wed Apr 04 2018 19:51:42 GMT+0530 (IST)
[debug] [2018-04-04T14:21:44.600Z] <<< HTTP RESPONSE 200
[info] 
[info] === Serving from '/Users/robinsundberg/Desktop/nonamehostel'...
[info] 
[info] i  functions: Preparing to emulate functions.
[debug] [2018-04-04T14:21:45.369Z] Fetching environment
[debug] [2018-04-04T14:21:45.373Z] >>> HTTP REQUEST GET https://mobilesdk-pa.googleapis.com/v1/projects/459342338338:getServerAppConfig  
  
 Wed Apr 04 2018 19:51:45 GMT+0530 (IST)
[debug] [2018-04-04T14:21:45.374Z] >>> HTTP REQUEST GET https://mobilesdk-pa.googleapis.com/v1/projects/459342338338/clients/_:getWebAppConfig  
  
 Wed Apr 04 2018 19:51:45 GMT+0530 (IST)
[debug] [2018-04-04T14:21:46.962Z] <<< HTTP RESPONSE 200
[debug] [2018-04-04T14:21:46.962Z] Starting @google-cloud/functions-emulator
[debug] [2018-04-04T14:21:47.042Z] <<< HTTP RESPONSE 200
[info] i  hosting: Serving hosting files from: public
[info] ✔  hosting: Local server: http://localhost:5000

[debug] [2018-04-04T14:21:48.510Z] Parsing function triggers
[info] ✔  functions: home: http://localhost:5001/nonamehostel-a5e96/us-central1/home
